time="2025-06-09T08:16:12-04:00" level=warning msg="/home/locklearwyatt/projects/medcontracthub/docker-compose.yml: the attribute `version` is obsolete, it will be ignored, please remove it to avoid potential confusion"
Compose can now delegate builds to bake for better performance.
 To do so, set COMPOSE_BAKE=true.
#0 building with "default" instance using docker driver

#1 [app internal] load build definition from Dockerfile.dev
#1 transferring dockerfile: 1.11kB done
#1 DONE 0.0s

#2 [app internal] load metadata for docker.io/library/node:20-alpine
#2 DONE 1.6s

#3 [app internal] load .dockerignore
#3 transferring context: 2.51kB done
#3 DONE 0.0s

#4 [app internal] load build context
#4 DONE 0.0s

#5 [app 1/8] FROM docker.io/library/node:20-alpine@sha256:d3507a213936fe4ef54760a186e113db5188472d9efdf491686bd94580a1c1e8
#5 resolve docker.io/library/node:20-alpine@sha256:d3507a213936fe4ef54760a186e113db5188472d9efdf491686bd94580a1c1e8 0.1s done
#5 DONE 0.1s

#4 [app internal] load build context
#4 transferring context: 72B 0.3s done
#4 DONE 0.3s

#6 [app 2/8] WORKDIR /app
#6 CACHED

#7 [app 4/8] RUN npm config set fetch-timeout 600000
#7 CACHED

#8 [app 5/8] COPY package*.json ./
#8 CACHED

#9 [app 7/8] RUN addgroup --system --gid 1001 nodejs
#9 CACHED

#10 [app 3/8] RUN apk add --no-cache     libc6-compat     python3     make     g++     git     curl     dumb-init
#10 CACHED

#11 [app 6/8] RUN npm ci && npm cache clean --force
#11 CACHED

#12 [app 8/8] RUN adduser --system --uid 1001 nextjs
#12 CACHED

#13 [app] exporting to image
#13 exporting layers
#13 exporting layers 128.3s done
#13 exporting manifest sha256:543e132083774649c441ce664f6cec82ffcf450ca4087d14f483017141ac70e3 0.1s done
#13 exporting config sha256:3d0ba696f31a566995eff8ead741f242026fdac629e2155748676ccca71d1173 0.0s done
#13 naming to docker.io/library/medcontracthub-app:latest
#13 naming to docker.io/library/medcontracthub-app:latest 0.0s done
#13 unpacking to docker.io/library/medcontracthub-app:latest
#13 unpacking to docker.io/library/medcontracthub-app:latest 37.3s done
#13 DONE 165.8s

#14 [app] resolving provenance for metadata file
#14 DONE 0.0s
 app  Built
 Network medcontracthub_medcontract-dev  Creating
 Network medcontracthub_medcontract-dev  Created
 Volume "medcontracthub_postgres_dev_data"  Creating
 Volume "medcontracthub_postgres_dev_data"  Created
 Volume "medcontracthub_redis_dev_data"  Creating
 Volume "medcontracthub_redis_dev_data"  Created
time="2025-06-09T08:19:01-04:00" level=warning msg="Found orphan containers ([medcontract-dev medcontract-dev-db medcontract-dev-redis]) for this project. If you removed or renamed this service in your compose file, you can run this command with the --remove-orphans flag to clean it up."
 Container medcontracthub-postgres-1  Creating
 Container medcontracthub-redis  Creating
 Container medcontracthub-redis  Created
 Container medcontracthub-bull-board  Creating
 Container medcontracthub-postgres-1  Created
 Container medcontracthub-app-1  Creating
 Container medcontracthub-bull-board  Created
 Container medcontracthub-app-1  Created
 Container medcontracthub-redis  Starting
 Container medcontracthub-postgres-1  Starting
 Container medcontracthub-redis  Started
 Container medcontracthub-bull-board  Starting
 Container medcontracthub-postgres-1  Started
 Container medcontracthub-app-1  Starting
 Container medcontracthub-bull-board  Started
 Container medcontracthub-app-1  Started
